26-Jun-2018 02:51:46.290 INFO [main] org.apache.catalina.startup.VersionLoggerListener.log Server version:        Apache Tomcat/8.5.31
26-Jun-2018 02:51:46.344 INFO [main] org.apache.catalina.startup.VersionLoggerListener.log Server built:          Apr 27 2018 20:24:25 UTC
26-Jun-2018 02:51:46.344 INFO [main] org.apache.catalina.startup.VersionLoggerListener.log Server number:         8.5.31.0
26-Jun-2018 02:51:46.345 INFO [main] org.apache.catalina.startup.VersionLoggerListener.log OS Name:               Mac OS X
26-Jun-2018 02:51:46.345 INFO [main] org.apache.catalina.startup.VersionLoggerListener.log OS Version:            10.13.5
26-Jun-2018 02:51:46.345 INFO [main] org.apache.catalina.startup.VersionLoggerListener.log Architecture:          x86_64
26-Jun-2018 02:51:46.345 INFO [main] org.apache.catalina.startup.VersionLoggerListener.log Java Home:             /Library/Java/JavaVirtualMachines/jdk1.8.0_171.jdk/Contents/Home/jre
26-Jun-2018 02:51:46.345 INFO [main] org.apache.catalina.startup.VersionLoggerListener.log JVM Version:           1.8.0_171-b11
26-Jun-2018 02:51:46.345 INFO [main] org.apache.catalina.startup.VersionLoggerListener.log JVM Vendor:            Oracle Corporation
26-Jun-2018 02:51:46.346 INFO [main] org.apache.catalina.startup.VersionLoggerListener.log CATALINA_BASE:         /Users/junghwanyim/BoardWeb/apache-tomcat-8.5.31
26-Jun-2018 02:51:46.346 INFO [main] org.apache.catalina.startup.VersionLoggerListener.log CATALINA_HOME:         /Users/junghwanyim/BoardWeb/apache-tomcat-8.5.31
26-Jun-2018 02:51:46.347 INFO [main] org.apache.catalina.startup.VersionLoggerListener.log Command line argument: -Djava.util.logging.config.file=/Users/junghwanyim/BoardWeb/apache-tomcat-8.5.31/conf/logging.properties
26-Jun-2018 02:51:46.347 INFO [main] org.apache.catalina.startup.VersionLoggerListener.log Command line argument: -Djava.util.logging.manager=org.apache.juli.ClassLoaderLogManager
26-Jun-2018 02:51:46.347 INFO [main] org.apache.catalina.startup.VersionLoggerListener.log Command line argument: -Djdk.tls.ephemeralDHKeySize=2048
26-Jun-2018 02:51:46.347 INFO [main] org.apache.catalina.startup.VersionLoggerListener.log Command line argument: -Djava.protocol.handler.pkgs=org.apache.catalina.webresources
26-Jun-2018 02:51:46.347 INFO [main] org.apache.catalina.startup.VersionLoggerListener.log Command line argument: -Dorg.apache.catalina.security.SecurityListener.UMASK=0027
26-Jun-2018 02:51:46.348 INFO [main] org.apache.catalina.startup.VersionLoggerListener.log Command line argument: -Dignore.endorsed.dirs=
26-Jun-2018 02:51:46.348 INFO [main] org.apache.catalina.startup.VersionLoggerListener.log Command line argument: -Dcatalina.base=/Users/junghwanyim/BoardWeb/apache-tomcat-8.5.31
26-Jun-2018 02:51:46.348 INFO [main] org.apache.catalina.startup.VersionLoggerListener.log Command line argument: -Dcatalina.home=/Users/junghwanyim/BoardWeb/apache-tomcat-8.5.31
26-Jun-2018 02:51:46.348 INFO [main] org.apache.catalina.startup.VersionLoggerListener.log Command line argument: -Djava.io.tmpdir=/Users/junghwanyim/BoardWeb/apache-tomcat-8.5.31/temp
26-Jun-2018 02:51:46.348 INFO [main] org.apache.catalina.core.AprLifecycleListener.lifecycleEvent The APR based Apache Tomcat Native library which allows optimal performance in production environments was not found on the java.library.path: [/Users/junghwanyim/Library/Java/Extensions:/Library/Java/Extensions:/Network/Library/Java/Extensions:/System/Library/Java/Extensions:/usr/lib/java:.]
26-Jun-2018 02:51:47.240 INFO [main] org.apache.coyote.AbstractProtocol.init Initializing ProtocolHandler ["http-nio-8080"]
26-Jun-2018 02:51:47.339 INFO [main] org.apache.tomcat.util.net.NioSelectorPool.getSharedSelector Using a shared selector for servlet write/read
26-Jun-2018 02:51:47.361 INFO [main] org.apache.coyote.AbstractProtocol.init Initializing ProtocolHandler ["ajp-nio-8009"]
26-Jun-2018 02:51:47.363 INFO [main] org.apache.tomcat.util.net.NioSelectorPool.getSharedSelector Using a shared selector for servlet write/read
26-Jun-2018 02:51:47.366 INFO [main] org.apache.catalina.startup.Catalina.load Initialization processed in 2374 ms
26-Jun-2018 02:51:47.441 INFO [main] org.apache.catalina.core.StandardService.startInternal Starting service [Catalina]
26-Jun-2018 02:51:47.441 INFO [main] org.apache.catalina.core.StandardEngine.startInternal Starting Servlet Engine: Apache Tomcat/8.5.31
26-Jun-2018 02:51:47.474 INFO [localhost-startStop-1] org.apache.catalina.startup.HostConfig.deployDirectory Deploying web application directory [/Users/junghwanyim/BoardWeb/apache-tomcat-8.5.31/webapps/docs]
26-Jun-2018 02:51:48.406 INFO [localhost-startStop-1] org.apache.catalina.startup.HostConfig.deployDirectory Deployment of web application directory [/Users/junghwanyim/BoardWeb/apache-tomcat-8.5.31/webapps/docs] has finished in [931] ms
26-Jun-2018 02:51:48.406 INFO [localhost-startStop-1] org.apache.catalina.startup.HostConfig.deployDirectory Deploying web application directory [/Users/junghwanyim/BoardWeb/apache-tomcat-8.5.31/webapps/examples]
26-Jun-2018 02:51:49.187 INFO [localhost-startStop-1] org.apache.catalina.startup.HostConfig.deployDirectory Deployment of web application directory [/Users/junghwanyim/BoardWeb/apache-tomcat-8.5.31/webapps/examples] has finished in [780] ms
26-Jun-2018 02:51:49.187 INFO [localhost-startStop-1] org.apache.catalina.startup.HostConfig.deployDirectory Deploying web application directory [/Users/junghwanyim/BoardWeb/apache-tomcat-8.5.31/webapps/host-manager]
26-Jun-2018 02:51:49.264 INFO [localhost-startStop-1] org.apache.catalina.startup.HostConfig.deployDirectory Deployment of web application directory [/Users/junghwanyim/BoardWeb/apache-tomcat-8.5.31/webapps/host-manager] has finished in [77] ms
26-Jun-2018 02:51:49.264 INFO [localhost-startStop-1] org.apache.catalina.startup.HostConfig.deployDirectory Deploying web application directory [/Users/junghwanyim/BoardWeb/apache-tomcat-8.5.31/webapps/manager]
26-Jun-2018 02:51:49.313 INFO [localhost-startStop-1] org.apache.catalina.startup.HostConfig.deployDirectory Deployment of web application directory [/Users/junghwanyim/BoardWeb/apache-tomcat-8.5.31/webapps/manager] has finished in [49] ms
26-Jun-2018 02:51:49.313 INFO [localhost-startStop-1] org.apache.catalina.startup.HostConfig.deployDirectory Deploying web application directory [/Users/junghwanyim/BoardWeb/apache-tomcat-8.5.31/webapps/ROOT]
26-Jun-2018 02:51:49.337 INFO [localhost-startStop-1] org.apache.catalina.startup.HostConfig.deployDirectory Deployment of web application directory [/Users/junghwanyim/BoardWeb/apache-tomcat-8.5.31/webapps/ROOT] has finished in [24] ms
26-Jun-2018 02:51:49.344 INFO [main] org.apache.coyote.AbstractProtocol.start Starting ProtocolHandler ["http-nio-8080"]
26-Jun-2018 02:51:49.355 INFO [main] org.apache.coyote.AbstractProtocol.start Starting ProtocolHandler ["ajp-nio-8009"]
26-Jun-2018 02:51:49.362 INFO [main] org.apache.catalina.startup.Catalina.start Server startup in 1995 ms
26-Jun-2018 03:25:17.867 INFO [main] org.apache.catalina.core.StandardServer.await A valid shutdown command was received via the shutdown port. Stopping the Server instance.
26-Jun-2018 03:25:17.879 INFO [main] org.apache.coyote.AbstractProtocol.pause Pausing ProtocolHandler ["http-nio-8080"]
26-Jun-2018 03:25:17.939 INFO [main] org.apache.coyote.AbstractProtocol.pause Pausing ProtocolHandler ["ajp-nio-8009"]
26-Jun-2018 03:25:17.991 INFO [main] org.apache.catalina.core.StandardService.stopInternal Stopping service [Catalina]
26-Jun-2018 03:25:18.058 INFO [main] org.apache.coyote.AbstractProtocol.stop Stopping ProtocolHandler ["http-nio-8080"]
26-Jun-2018 03:25:18.065 INFO [main] org.apache.coyote.AbstractProtocol.stop Stopping ProtocolHandler ["ajp-nio-8009"]
26-Jun-2018 03:25:18.071 INFO [main] org.apache.coyote.AbstractProtocol.destroy Destroying ProtocolHandler ["http-nio-8080"]
26-Jun-2018 03:25:18.072 INFO [main] org.apache.coyote.AbstractProtocol.destroy Destroying ProtocolHandler ["ajp-nio-8009"]
